Failed to open connection to "session" message bus: Using X11 for dbus-daemon autolaunch was disabled at compile time, set your DBUS_SESSION_BUS_ADDRESS instead
1661307822824	mozrunner::runner	INFO	Running command: "/usr/bin/firefox" "-marionette" "-foreground" "-no-remote" "-profile" "/tmp/rust_mozprofile.fTVfOtoMzQ79"
Failed to open connection to "session" message bus: Using X11 for dbus-daemon autolaunch was disabled at compile time, set your DBUS_SESSION_BUS_ADDRESS instead
Running without a11y support!
1661307830449	Marionette	INFO	Listening on port 34242
1661307830549	Marionette	WARN	TLS certificate errors will be ignored for this session
JavaScript error: https://food.grab.com/_next/static/chunks/154.e5217db03c3bc0a21723.js, line 1: TypeError: crypto.randomUUID is not a function
JavaScript error: https://food.grab.com/_next/static/chunks/154.e5217db03c3bc0a21723.js, line 1: TypeError: crypto.randomUUID is not a function
JavaScript error: https://food.grab.com/_next/static/chunks/154.e5217db03c3bc0a21723.js, line 1: TypeError: crypto.randomUUID is not a function
JavaScript error: https://food.grab.com/_next/static/chunks/154.e5217db03c3bc0a21723.js, line 1: TypeError: crypto.randomUUID is not a function
Failed to open connection to "session" message bus: Using X11 for dbus-daemon autolaunch was disabled at compile time, set your DBUS_SESSION_BUS_ADDRESS instead
1661307922567	mozrunner::runner	INFO	Running command: "/usr/bin/firefox" "-marionette" "-foreground" "-no-remote" "-profile" "/tmp/rust_mozprofile.WVG5bNGjXZS5"
Failed to open connection to "session" message bus: Using X11 for dbus-daemon autolaunch was disabled at compile time, set your DBUS_SESSION_BUS_ADDRESS instead
Running without a11y support!
1661307926320	Marionette	INFO	Listening on port 41495
1661307926379	Marionette	WARN	TLS certificate errors will be ignored for this session
JavaScript error: https://food.grab.com/_next/static/chunks/154.e5217db03c3bc0a21723.js, line 1: TypeError: crypto.randomUUID is not a function
JavaScript error: https://food.grab.com/_next/static/chunks/154.e5217db03c3bc0a21723.js, line 1: TypeError: crypto.randomUUID is not a function
JavaScript error: https://food.grab.com/_next/static/chunks/154.e5217db03c3bc0a21723.js, line 1: TypeError: crypto.randomUUID is not a function
JavaScript error: https://food.grab.com/_next/static/chunks/154.e5217db03c3bc0a21723.js, line 1: TypeError: crypto.randomUUID is not a function
Gdk-Message: 15:12:36.272: firefox: Fatal IO error 11 (Resource temporarily unavailable) on X server :0.

Gdk-Message: 15:12:36.274: firefox: Fatal IO error 11 (Resource temporarily unavailable) on X server :1.

Exiting due to channel error.
Sandbox: Unexpected EOF, op 0 flags 02000000 path /etc/localtime
Sandbox: Unexpected EOF, op 2 flags 00 path /etc/localtime
Exiting due to channel error.
Gdk-Message: 08:12:36.276: /usr/lib64/firefox/firefox: Fatal IO error 11 (Resource temporarily unavailable) on X server :0.

Exiting due to channel error.
Exiting due to channel error.
Sandbox: Unexpected EOF, op 2 flags 00 path /etc/localtime
Sandbox: Unexpected EOF, op 0 flags 02000000 path /etc/localtime
