district :Langkawi
total hotel : 317
district :Kuala Perlis
total hotel : 13
district :Gua Musang
total hotel : 30
district :Kota Bharu
total hotel : 259
district :Pulau Perhentian
total hotel : 9
district :Kuala Krai
total hotel : 3
district :Taiping
total hotel : 108
district :Bayan Lepas
total hotel : 16
district :Kulim
total hotel : 12
district :Bukit Mertajam
total hotel : 32
district :Batu Ferringhi
total hotel : 36
district :Tanjung Bungah
total hotel : 5
district :George Town Malaysia
total hotel : 17
district :Sungai Petani
total hotel : 82
district :Kuala Kangsar
total hotel : 23
district :Kampar
total hotel : 49
district :Teluk Intan
total hotel : 25
district :Sitiawan
total hotel : 45
district :Sungai Siput
total hotel : 4
district :Tanjong Malim (Perak)
total hotel : 17
district :Tanjong Malim (Selangor)
total hotel : 2
district :Pulau Pangkor
total hotel : 82
district :Lumut
total hotel : 63
district :Jerteh
total hotel : 7
district :Pengkalan Chepa
total hotel : 14
district :Tanah Merah
total hotel : 25
district :Bachok
total hotel : 5
district :Machang
total hotel : 6
district :Hulu Langat
total hotel : 1
district :Putrajaya
total hotel : 39
district :Petaling Jaya
total hotel : 134
district :Setia Alam
total hotel : 19
district :Subang Jaya
total hotel : 108
district :Port Klang
total hotel : 13
district :Puchong
total hotel : 49
district :Bukit Jalil
total hotel : 17
district :Rawang
total hotel : 13
district :Kuala Selangor
total hotel : 44
district :Sekinchan
total hotel : 36
district :Kajang
total hotel : 34
district :Ampang
total hotel : 32
district :Batu Caves
total hotel : 134
district :Genting Highlands
total hotel : 299
district :Damansara
total hotel : 25
district :Port Dickson
total hotel : 340
district :Lukut
total hotel : 7
district :Nilai
total hotel : 82
district :Bukit Fraser
total hotel : 45
district :Seri Kembangan
total hotel : 97
district :Banting
total hotel : 84
district :Sepang
total hotel : 562
district :Senawang
total hotel : 75
district :Klebang
total hotel : 7
district :Batu Berendam
total hotel : 3
district :Jonker
total hotel : 32
district :Ayer Keroh
total hotel : 13
district :Tangkak
total hotel : 10
district :Muar
total hotel : 50
district :Masjid Tanah
total hotel : 7
district :Alor Gajah
total hotel : 28
district :Bemban
total hotel : 5
district :Batu Pahat
total hotel : 66
district :Temerloh
total hotel : 21
district :Raub
total hotel : 20
district :Kuala Lipis
total hotel : 8
district :Ipoh
total hotel : 404
district :Pekan
total hotel : 15
district :Cameron Highlands
total hotel : 490
district :Pulau Redang
total hotel : 3
district :Kuala Terengganu
total hotel : 172
district :Chukai
total hotel : 30
district :Kemaman
total hotel : 1
district :Kuantan
total hotel : 319
district :Mersing
total hotel : 23
district :Kluang
total hotel : 35
district :Yong Peng
total hotel : 4
district :Kulai
total hotel : 59
district :Skudai
total hotel : 29
district :Kota Tinggi
total hotel : 9
district :Johor Bahru
total hotel : 1013
district :Pasir Gudang
total hotel : 7
district :Sibu
total hotel : 71
district :Bentong
total hotel : 53
district :Tioman Island
total hotel : 25
district :Kuching
total hotel : 199
district :Sibu
total hotel : 71
district :Bintulu
total hotel : 45
district :Miri
total hotel : 109
district :Mukah
total hotel : 4
district :Sri Aman
total hotel : 7
district :Sarikei
total hotel : 7
district :Labuan
total hotel : 25
district :Tawau
total hotel : 31
district :Kota Kinabalu
total hotel : 548
district :Kundasang
total hotel : 4
district :Kota Belud
total hotel : 22
district :Kudat
total hotel : 17
district :Sandakan
total hotel : 43
district :Lahad Datu
total hotel : 14
district :Semporna
total hotel : 97
