district :Johor Bahru
total hotel : 1000
district :Kluang
total hotel : 35
district :Kota Tinggi
total hotel : 8
district :Mersing
total hotel : 23
district :Muar
total hotel : 48
district :Pontian
total hotel : 18
district :Segamat
total hotel : 18
district :Bandar Baharu
total hotel : 0
district :Kuala Muda
total hotel : 22
district :Kulim
total hotel : 12
district :Sik
total hotel : 0
district :Pendang
total hotel : 17
district :Pokok Sena
total hotel : 1
district :Bachok
total hotel : 17
district :Machang
total hotel : 0
district :Pasir Mas
total hotel : 4
district :Pasir Puteh
total hotel : 0
district :Tanah Merah
total hotel : 23
district :Gua Musang
total hotel : 28
district :Kuala Krai
total hotel : 3
district :Jeli
total hotel : 17
district :Kuala Lumpur
total hotel : 2733
district :Labuan
total hotel : 24
district :Alor Gajah
total hotel : 17
district :Jelebu
total hotel : 0
district :Kuala Pilah
total hotel : 9
district :Port Dickson
total hotel : 362
district :Rembau
total hotel : 2
district :Seremban
total hotel : 71
district :Tampin
total hotel : 8
district :Jempol
total hotel : 0
district :Bentong
total hotel : 55
district :Cameron Highlands
total hotel : 455
district :Jerantut
total hotel : 21
district :Kuantan
total hotel : 296
district :Lipis
total hotel : 8
district :Pekan
total hotel : 15
district :Raub
total hotel : 21
district :Temerloh
total hotel : 21
district :Rompin
total hotel : 19
district :Maran
total hotel : 24
district :Manjung
total hotel : 29
district :Kerian
total hotel : 0
district :Kuala Kangsar
total hotel : 23
district :Kampar
total hotel : 49
district :Seberang Perai Tengah
total hotel : 17
district :Beaufort
total hotel : 4
district :Beluran
total hotel : 0
district :Keningau
total hotel : 42
district :Kinabatangan
total hotel : 0
district :Kota Belud
total hotel : 21
district :Kota Marudu
total hotel : 0
district :Kuala Penyu
total hotel : 1
district :Kudat
total hotel : 17
district :Kunak
total hotel : 1
district :Lahad Datu
total hotel : 15
district :Nabawan
total hotel : 0
district :Pitas
total hotel : 0
district :Ranau
total hotel : 1
district :Sandakan
total hotel : 42
district :Semporna
total hotel : 87
district :Sipitang
total hotel : 3
district :Tawau
total hotel : 30
district :Tenom
total hotel : 0
district :Tongod
total hotel : 0
district :Kuching
total hotel : 223
district :Lundu
total hotel : 1
district :Serian
total hotel : 0
district :Simunjan
total hotel : 0
district :Sri Aman
total hotel : 7
district :Lubok Antu
total hotel : 0
district :Betong
total hotel : 0
district :Saratok
total hotel : 0
district :Sarikei
total hotel : 7
district :Maradong
total hotel : 0
district :Daro
total hotel : 0
district :Julau
total hotel : 0
district :Sibu
total hotel : 67
district :Dalat
total hotel : 0
district :Mukah
total hotel : 4
district :Kanowit
total hotel : 2
district :Bintulu
total hotel : 43
district :Tatau
total hotel : 0
district :Kapit
total hotel : 2
district :Song
total hotel : 0
district :Belaga
total hotel : 0
district :Miri
total hotel : 104
district :Marudi
total hotel : 0
district :Limbang
total hotel : 2
district :Lawas
total hotel : 1
district :Matu
total hotel : 0
district :Asajaya
total hotel : 0
district :Pakan
total hotel : 0
district :Klang
total hotel : 84
district :Kuala Selangor
total hotel : 43
district :Sabak Bernam
total hotel : 75
district :Besut
total hotel : 30
district :Dungun
total hotel : 36
district :Kemaman
total hotel : 1
district :Kuala Terengganu
total hotel : 175
district :Setiu
total hotel : 17
